# Start Fri Apr 15 14:31:44 2016
#IN Dungbot_Robot
#N neural_net DungBotEmptyController
#N nn_end
# Recording every 5th dataset
# [Simulation Environment, $Id$][846930886]
#  cameraspeed=          100.000000  camera speed
#  fps=                   25.000000  frames per second
#  gravity=               -9.800000  strengh of gravity (-9.81 is earth gravity)
#  noise=                  0.100000  global noise strength
#  randomseed=           1460723460  random number seed (cmdline -r) (readonly)
#  realtimefactor=         1.000000  speed of simulation wrt. real time (0: full speed)
#  simstepsize=            0.010000  stepsize of the physical simulation (in seconds)
#  controlinterval=        1         interval in steps between subsequent controller calls
#  commandline=            1         ./start 
#  logwhilerecording=      1         record log file and store agents while recording a video
# ######
# [Dungbot_Robot's Agent, ][1299924489]
# ######
# -[Dungbot_Robot, 2.0][478511835]
# -######
# -[DungBotEmptyController, 1.0][1218499002]
# -######
#I D t time (s)
#I [] D x[0] *TR0 angle sensor
#I [] D x[1] *TR1 angle sensor
#I [] D x[2] *TR2 angle sensor
#I [] D x[3] *TL0 angle sensor
#I [] D x[4] *TL1 angle sensor
#I [] D x[5] *TL2 angle sensor
#I [] D x[6] *CR0 angle sensor
#I [] D x[7] *CR1 angle sensor
#I [] D x[8] *CR2 angle sensor
#I [] D x[9] *CL0 angle sensor
#I [] D x[10] *CL1 angle sensor
#I [] D x[11] *CL2 angle sensor
#I [] D x[12] *FR0 angle sensor
#I [] D x[13] *FR1 angle sensor
#I [] D x[14] *FR2 angle sensor
#I [] D x[15] *FL0 angle sensor
#I [] D x[16] *FL1 angle sensor
#I [] D x[17] *FL2 angle sensor
#I [] D y[0] TR0 motor
#I [] D y[1] TR1 motor
#I [] D y[2] TR2 motor
#I [] D y[3] TL0 motor
#I [] D y[4] TL1 motor
#I [] D y[5] TL2 motor
#I [] D y[6] CR0 motor
#I [] D y[7] CR1 motor
#I [] D y[8] CR2 motor
#I [] D y[9] CL0 motor
#I [] D y[10] CL1 motor
#I [] D y[11] CL2 motor
#I [] D y[12] FR0 motor
#I [] D y[13] FR1 motor
#I [] D y[14] FR2 motor
#I [] D y[15] FL0 motor
#I [] D y[16] FL1 motor
#I [] D y[17] FL2 motor
#I [] D y[18] BJ motor
#I [One2OneWiring] D x_ sensor values
#I [One2OneWiring] D y_ motor values (controller output)
#######
#C t x[0] x[1] x[2] x[3] x[4] x[5] x[6] x[7] x[8] x[9] x[10] x[11] x[12] x[13] x[14] x[15] x[16] x[17] x[18] x[19] x[20] x[21] x[22] x[23] x[24] x[25] x[26] x[27] x[28] x[29] x[30] x[31] x[32] x[33] x[34] x[35] x[36] x[37] x[38] x[39] x[40] x[41] x[42] x[43] x[44] x[45] x[46] x[47] x[48] x[49] x[50] x[51] x[52] x[53] x[54] x[55] x[56] x[57] x[58] x[59] x[60] y[0] y[1] y[2] y[3] y[4] y[5] y[6] y[7] y[8] y[9] y[10] y[11] y[12] y[13] y[14] y[15] y[16] y[17] y[18]
